<?xml version="1.0" encoding="UTF-8"?>
<testng-results ignored="0" total="1" passed="1" failed="0" skipped="0">
  <reporter-output>
  </reporter-output>
  <suite started-at="2024-04-17T12:47:20 IST" name="Default suite" finished-at="2024-04-17T12:47:40 IST" duration-ms="19812">
    <groups>
    </groups>
    <test started-at="2024-04-17T12:47:20 IST" name="Default test" finished-at="2024-04-17T12:47:40 IST" duration-ms="19812">
      <class name="seleniumProject1.CreateAccountPage">
        <test-method is-config="true" signature="openUrl()[pri:0, instance:seleniumProject1.CreateAccountPage@ba2f4ec]" started-at="2024-04-17T12:47:14 IST" name="openUrl" finished-at="2024-04-17T12:47:20 IST" duration-ms="6366" status="PASS">
          <reporter-output>
          </reporter-output>
        </test-method> <!-- openUrl -->
        <test-method signature="createAccount()[pri:0, instance:seleniumProject1.CreateAccountPage@ba2f4ec]" started-at="2024-04-17T12:47:20 IST" name="createAccount" finished-at="2024-04-17T12:47:40 IST" duration-ms="19786" status="PASS">
          <reporter-output>
          </reporter-output>
        </test-method> <!-- createAccount -->
      </class> <!-- seleniumProject1.CreateAccountPage -->
    </test> <!-- Default test -->
  </suite> <!-- Default suite -->
</testng-results>
